1 118
2 25
3 23
4 112
5 84
6 34
7 52
8 69
9 113
10 128
11 56
12 62
13 47
14 28
15 124
16 75
17 11
18 50
19 95
20 72
21 5
22 61
23 21
24 122
25 33
26 77
27 96
28 64
29 104
30 35
31 81
32 105
33 120
34 99
35 16
36 51
37 6
38 9
39 12
40 1
41 86
42 44
43 53
44 116
45 111
46 13
47 27
48 54
49 55
50 93
51 2
52 57
53 15
54 126
55 48
56 29
57 20
58 114
59 127
60 32
61 101
62 102
63 74
64 85
65 100
66 49
67 91
68 121
69 22
70 67
71 76
72 43
73 98
74 46
75 88
76 40
77 97
78 106
79 119
80 123
81 83
82 90
83 24
84 89
85 17
86 41
87 60
88 92
89 70
90 31
91 94
92 80
93 37
94 66
95 108
96 59
97 45
98 103
99 7
100 58
101 63
102 30
103 107
104 8
105 18
106 19
107 117
108 14
109 110
110 26
111 42
112 71
113 87
114 115
115 10
116 3
117 79
118 4
119 36
120 38
121 109
122 78
123 68
124 82
125 125
126 73
127 65
128 39
