1 13
2 93
3 229
4 150
5 162
6 58
7 124
8 87
9 118
10 60
11 4
12 151
13 19
14 203
15 29
16 166
17 208
18 45
19 144
20 41
21 61
22 54
23 8
24 17
25 65
26 33
27 239
28 181
29 161
30 230
31 174
32 64
33 142
34 109
35 251
36 71
37 241
38 91
39 245
40 10
41 237
42 25
43 135
44 191
45 221
46 3
47 12
48 232
49 202
50 235
51 106
52 138
53 201
54 231
55 197
56 218
57 76
58 193
59 30
60 214
61 48
62 240
63 153
64 160
65 253
66 177
67 52
68 163
69 242
70 89
71 94
72 190
73 84
74 157
75 243
76 2
77 37
78 42
79 222
80 192
81 143
82 200
83 186
84 1
85 40
86 113
87 83
88 68
89 96
90 20
91 205
92 74
93 213
94 238
95 70
96 46
97 252
98 108
99 75
100 111
101 211
102 69
103 132
104 247
105 34
106 24
107 43
108 219
109 77
110 99
111 102
112 187
113 72
114 50
115 125
116 256
117 199
118 67
119 158
120 120
121 112
122 180
123 23
124 14
125 220
126 73
127 189
128 31
129 152
130 101
131 16
132 141
133 15
134 39
135 5
136 249
137 215
138 167
139 147
140 204
141 116
142 53
143 49
144 148
145 217
146 254
147 103
148 156
149 182
150 131
151 21
152 134
153 22
154 11
155 228
156 80
157 168
158 146
159 139
160 250
161 110
162 170
163 6
164 165
165 255
166 210
167 32
168 175
169 117
170 136
171 38
172 28
173 105
174 79
175 66
176 244
177 27
178 98
179 92
180 51
181 78
182 44
183 119
184 36
185 223
186 114
187 184
188 57
189 123
190 164
191 188
192 121
193 88
194 97
195 169
196 212
197 122
198 107
199 127
200 81
201 149
202 129
203 209
204 225
205 176
206 236
207 56
208 145
209 185
210 226
211 130
212 115
213 207
214 59
215 9
216 18
217 35
218 133
219 26
220 86
221 179
222 137
223 171
224 233
225 246
226 47
227 216
228 178
229 126
230 194
231 155
232 85
233 172
234 55
235 159
236 206
237 90
238 95
239 100
240 224
241 183
242 198
243 63
244 82
245 173
246 128
247 248
248 195
249 234
250 227
251 196
252 104
253 62
254 140
255 154
256 7
