1 444
2 334
3 506
4 507
5 270
6 436
7 145
8 86
9 286
10 169
11 456
12 159
13 255
14 244
15 20
16 354
17 408
18 266
19 461
20 151
21 355
22 470
23 454
24 171
25 324
26 9
27 189
28 104
29 78
30 452
31 390
32 320
33 405
34 449
35 359
36 361
37 474
38 283
39 107
40 493
41 143
42 220
43 16
44 340
45 345
46 7
47 296
48 299
49 89
50 462
51 294
52 431
53 93
54 475
55 232
56 72
57 269
58 450
59 217
60 22
61 306
62 148
63 448
64 318
65 332
66 18
67 383
68 158
69 23
70 387
71 52
72 487
73 362
74 139
75 73
76 327
77 127
78 413
79 398
80 253
81 302
82 485
83 108
84 204
85 129
86 154
87 60
88 125
89 441
90 386
91 245
92 168
93 146
94 428
95 352
96 234
97 39
98 112
99 414
100 330
101 495
102 130
103 494
104 196
105 412
106 226
107 144
108 261
109 279
110 358
111 29
112 511
113 467
114 25
115 126
116 473
117 488
118 458
119 51
120 483
121 142
122 251
123 247
124 223
125 281
126 239
127 43
128 55
129 124
130 117
131 68
132 497
133 48
134 165
135 440
136 331
137 460
138 136
139 105
140 368
141 459
142 295
143 187
144 183
145 429
146 411
147 406
148 308
149 110
150 375
151 285
152 40
153 36
154 486
155 150
156 218
157 238
158 10
159 385
160 432
161 167
162 116
163 484
164 373
165 472
166 254
167 85
168 492
169 2
170 91
171 264
172 190
173 79
174 317
175 240
176 348
177 1
178 323
179 3
180 418
181 252
182 322
183 489
184 71
185 482
186 134
187 178
188 199
189 231
190 439
191 119
192 216
193 463
194 94
195 301
196 54
197 192
198 176
199 421
200 419
201 194
202 236
203 468
204 98
205 12
206 227
207 120
208 242
209 166
210 447
211 437
212 335
213 325
214 184
215 310
216 356
217 491
218 346
219 293
220 382
221 258
222 164
223 464
224 207
225 396
226 509
227 372
228 147
229 162
230 27
231 337
232 103
233 224
234 133
235 11
236 141
237 35
238 388
239 357
240 426
241 208
242 478
243 400
244 477
245 185
246 74
247 5
248 90
249 297
250 13
251 212
252 425
253 113
254 233
255 219
256 225
257 505
258 34
259 222
260 47
261 480
262 33
263 349
264 101
265 84
266 374
267 341
268 179
269 465
270 410
271 65
272 338
273 58
274 434
275 445
276 152
277 256
278 180
279 265
280 177
281 417
282 276
283 237
284 275
285 371
286 272
287 466
288 230
289 453
290 435
291 163
292 498
293 77
294 56
295 409
296 128
297 378
298 321
299 503
300 342
301 221
302 115
303 288
304 397
305 379
306 451
307 393
308 123
309 155
310 280
311 198
312 174
313 389
314 500
315 153
316 316
317 313
318 427
319 404
320 246
321 481
322 193
323 364
324 315
325 215
326 360
327 343
328 284
329 277
330 502
331 83
332 367
333 82
334 137
335 289
336 250
337 420
338 57
339 76
340 262
341 268
342 92
343 140
344 95
345 380
346 391
347 229
348 32
349 479
350 347
351 88
352 50
353 66
354 213
355 87
356 28
357 70
358 339
359 365
360 263
361 109
362 423
363 351
364 438
365 202
366 118
367 455
368 394
369 243
370 96
371 59
372 314
373 504
374 496
375 62
376 403
377 100
378 471
379 37
380 6
381 4
382 15
383 336
384 424
385 19
386 259
387 21
388 201
389 326
390 17
391 353
392 211
393 99
394 384
395 415
396 298
397 182
398 156
399 249
400 195
401 312
402 363
403 319
404 260
405 307
406 38
407 370
408 508
409 64
410 292
411 69
412 416
413 49
414 512
415 305
416 291
417 442
418 402
419 67
420 122
421 282
422 161
423 303
424 287
425 290
426 75
427 14
428 138
429 41
430 278
431 422
432 170
433 80
434 376
435 173
436 210
437 111
438 344
439 191
440 102
441 457
442 121
443 407
444 469
445 274
446 206
447 329
448 433
449 97
450 366
451 377
452 490
453 267
454 42
455 399
456 188
457 197
458 53
459 181
460 499
461 395
462 81
463 132
464 46
465 309
466 214
467 200
468 311
469 30
470 186
471 175
472 401
473 203
474 45
475 61
476 135
477 443
478 392
479 328
480 157
481 350
482 149
483 8
484 446
485 24
486 44
487 131
488 304
489 248
490 273
491 114
492 209
493 476
494 510
495 430
496 271
497 205
498 369
499 241
500 235
501 172
502 228
503 26
504 333
505 31
506 381
507 160
508 63
509 300
510 106
511 257
512 501
